Friday, April 17, 2015 at 10:24:53 AM|false
Friday, April 17, 2015 at 10:44:20 AM|false
Friday, April 17, 2015 at 4:04:36 PM|true
Friday, April 17, 2015 at 4:04:38 PM|false
Friday, April 17, 2015 at 4:16:57 PM|true
Friday, April 17, 2015 at 4:57:42 PM|false
Friday, April 17, 2015 at 5:00:24 PM|false
Monday, April 20, 2015 at 10:01:07 AM|false
Monday, April 20, 2015 at 11:44:46 AM|false
Monday, April 20, 2015 at 12:02:46 PM|false
Monday, April 20, 2015 at 12:56:52 PM|true
Monday, April 20, 2015 at 2:04:37 PM|false
Monday, April 20, 2015 at 2:05:22 PM|true
Monday, April 20, 2015 at 2:11:01 PM|false
Monday, April 20, 2015 at 2:15:10 PM|true
Monday, April 20, 2015 at 2:37:00 PM|false
Monday, April 20, 2015 at 2:40:11 PM|true
Monday, April 20, 2015 at 3:03:44 PM|false
Monday, April 20, 2015 at 3:14:55 PM|true
Monday, April 20, 2015 at 3:59:56 PM|false
Monday, April 20, 2015 at 3:59:59 PM|true
Monday, April 20, 2015 at 4:09:46 PM|false
Monday, April 20, 2015 at 5:18:17 PM|false
Monday, April 20, 2015 at 5:21:58 PM|true
Monday, April 20, 2015 at 6:36:44 PM|false
Monday, April 20, 2015 at 6:46:02 PM|false
Tuesday, April 21, 2015 at 9:46:51 AM|false
Tuesday, April 21, 2015 at 10:00:29 AM|false
Tuesday, April 21, 2015 at 10:26:03 AM|true
Tuesday, April 21, 2015 at 11:15:50 AM|false
Tuesday, April 21, 2015 at 11:35:31 AM|false
Tuesday, April 21, 2015 at 1:55:11 PM|false
Tuesday, April 21, 2015 at 2:04:28 PM|true
Tuesday, April 21, 2015 at 2:58:57 PM|false
Tuesday, April 21, 2015 at 5:40:27 PM|false
Tuesday, April 21, 2015 at 5:48:34 PM|true
Tuesday, April 21, 2015 at 6:12:09 PM|false
Wednesday, April 22, 2015 at 10:37:51 AM|true
Wednesday, April 22, 2015 at 11:06:29 AM|false
Wednesday, April 22, 2015 at 11:08:12 AM|true
Wednesday, April 22, 2015 at 11:29:05 AM|false
Wednesday, April 22, 2015 at 11:31:58 AM|true
Wednesday, April 22, 2015 at 11:58:56 AM|false
Wednesday, April 22, 2015 at 12:19:19 PM|false
Wednesday, April 22, 2015 at 1:06:46 PM|true
Wednesday, April 22, 2015 at 2:19:59 PM|false
Wednesday, April 22, 2015 at 2:29:05 PM|false
Wednesday, April 22, 2015 at 4:55:16 PM|true
Wednesday, April 22, 2015 at 5:46:54 PM|false
Wednesday, April 22, 2015 at 5:49:14 PM|true
Wednesday, April 22, 2015 at 8:36:44 PM|false
Wednesday, April 22, 2015 at 11:12:08 PM|false
Thursday, April 23, 2015 at 8:04:52 AM|true
Thursday, April 23, 2015 at 9:01:41 AM|false
Thursday, April 23, 2015 at 9:24:06 AM|true
Thursday, April 23, 2015 at 10:00:03 AM|false
Thursday, April 23, 2015 at 12:05:58 PM|false
Thursday, April 23, 2015 at 1:02:27 PM|true
Thursday, April 23, 2015 at 1:15:34 PM|false
Thursday, April 23, 2015 at 1:18:31 PM|true
Thursday, April 23, 2015 at 1:52:48 PM|false
Thursday, April 23, 2015 at 2:00:17 PM|false
Thursday, April 23, 2015 at 3:10:57 PM|false
Thursday, April 23, 2015 at 3:21:44 PM|true
Thursday, April 23, 2015 at 3:26:00 PM|false
Thursday, April 23, 2015 at 3:51:22 PM|false
Thursday, April 23, 2015 at 5:08:03 PM|true
Thursday, April 23, 2015 at 6:39:22 PM|false
Thursday, April 23, 2015 at 7:00:32 PM|false
Thursday, April 23, 2015 at 7:09:31 PM|false
Friday, April 24, 2015 at 9:41:34 AM|true
Friday, April 24, 2015 at 9:42:43 AM|false
Friday, April 24, 2015 at 9:58:57 AM|true
Friday, April 24, 2015 at 10:01:12 AM|false
Friday, April 24, 2015 at 11:29:14 AM|false
Friday, April 24, 2015 at 2:19:31 PM|true
Friday, April 24, 2015 at 2:25:37 PM|false
Friday, April 24, 2015 at 2:28:12 PM|true
Friday, April 24, 2015 at 3:40:47 PM|false
Friday, April 24, 2015 at 3:43:59 PM|true
Friday, April 24, 2015 at 6:39:39 PM|false
Friday, April 24, 2015 at 7:05:57 PM|true
Friday, April 24, 2015 at 7:27:26 PM|false
Friday, April 24, 2015 at 7:42:57 PM|false
Monday, April 27, 2015 at 10:01:43 AM|false
Monday, April 27, 2015 at 11:48:18 AM|false
Monday, April 27, 2015 at 1:09:18 PM|true
Monday, April 27, 2015 at 1:49:13 PM|false
Monday, April 27, 2015 at 2:18:47 PM|true
Monday, April 27, 2015 at 3:31:34 PM|false
Monday, April 27, 2015 at 4:39:46 PM|true
Monday, April 27, 2015 at 5:31:23 PM|false
Monday, April 27, 2015 at 5:34:00 PM|true
Monday, April 27, 2015 at 5:39:19 PM|false
Monday, April 27, 2015 at 5:42:14 PM|false
Tuesday, April 28, 2015 at 9:36:07 AM|false
Tuesday, April 28, 2015 at 11:25:23 AM|false
Tuesday, April 28, 2015 at 11:35:46 AM|true
Tuesday, April 28, 2015 at 11:46:06 AM|false
Tuesday, April 28, 2015 at 1:09:35 PM|true
Tuesday, April 28, 2015 at 1:31:35 PM|false
Tuesday, April 28, 2015 at 1:34:41 PM|true
Tuesday, April 28, 2015 at 2:27:40 PM|false
Tuesday, April 28, 2015 at 2:28:22 PM|false
Tuesday, April 28, 2015 at 2:45:13 PM|true
Tuesday, April 28, 2015 at 5:42:41 PM|false
Tuesday, April 28, 2015 at 6:32:21 PM|false
Wednesday, April 29, 2015 at 8:36:27 AM|true
Wednesday, April 29, 2015 at 9:36:29 AM|false
Wednesday, April 29, 2015 at 9:55:26 AM|true
Wednesday, April 29, 2015 at 9:55:29 AM|false
Wednesday, April 29, 2015 at 11:01:55 AM|true
Wednesday, April 29, 2015 at 11:30:36 AM|false
Wednesday, April 29, 2015 at 1:30:03 PM|false
Wednesday, April 29, 2015 at 1:52:28 PM|true
Wednesday, April 29, 2015 at 2:41:19 PM|false
Wednesday, April 29, 2015 at 2:51:48 PM|true
Wednesday, April 29, 2015 at 3:54:18 PM|false
Wednesday, April 29, 2015 at 5:09:52 PM|true
Wednesday, April 29, 2015 at 5:09:53 PM|false
Wednesday, April 29, 2015 at 5:13:36 PM|false
Thursday, April 30, 2015 at 9:43:21 AM|false
Thursday, April 30, 2015 at 9:58:57 AM|false
Thursday, April 30, 2015 at 11:33:44 AM|true
Thursday, April 30, 2015 at 12:34:13 PM|false
Thursday, April 30, 2015 at 12:59:38 PM|false
Thursday, April 30, 2015 at 2:10:12 PM|true
Thursday, April 30, 2015 at 2:31:09 PM|false
Thursday, April 30, 2015 at 2:33:50 PM|true
Thursday, April 30, 2015 at 3:28:45 PM|false
Thursday, April 30, 2015 at 3:40:32 PM|true
Thursday, April 30, 2015 at 3:51:03 PM|false
Thursday, April 30, 2015 at 4:03:44 PM|true
Thursday, April 30, 2015 at 5:30:19 PM|false
Friday, May 1, 2015 at 8:40:35 AM|false
Friday, May 1, 2015 at 9:03:28 AM|true
Friday, May 1, 2015 at 9:41:52 AM|false
Friday, May 1, 2015 at 9:53:48 AM|false
Friday, May 1, 2015 at 9:55:07 AM|true
Friday, May 1, 2015 at 10:00:54 AM|false
Friday, May 1, 2015 at 10:24:09 AM|true
Friday, May 1, 2015 at 10:28:27 AM|false
Friday, May 1, 2015 at 10:30:13 AM|false
Friday, May 1, 2015 at 2:04:40 PM|false
Monday, May 4, 2015 at 8:32:47 AM|true
Monday, May 4, 2015 at 8:32:57 AM|false
Monday, May 4, 2015 at 8:32:58 AM|true
Monday, May 4, 2015 at 8:46:02 AM|false
Monday, May 4, 2015 at 8:57:14 AM|true
Monday, May 4, 2015 at 9:51:20 AM|false
Monday, May 4, 2015 at 10:06:18 AM|true
Monday, May 4, 2015 at 10:06:19 AM|false
Monday, May 4, 2015 at 10:06:20 AM|false
Monday, May 4, 2015 at 11:01:57 AM|true
Monday, May 4, 2015 at 11:06:14 AM|false
Monday, May 4, 2015 at 11:06:14 AM|true
Monday, May 4, 2015 at 11:42:21 AM|false
Monday, May 4, 2015 at 11:54:17 AM|true
Monday, May 4, 2015 at 12:03:32 PM|false
Monday, May 4, 2015 at 12:05:28 PM|true
Monday, May 4, 2015 at 12:27:47 PM|false
Monday, May 4, 2015 at 12:45:18 PM|false
Monday, May 4, 2015 at 2:02:02 PM|false
Monday, May 4, 2015 at 2:06:09 PM|true
Monday, May 4, 2015 at 2:07:40 PM|false
Monday, May 4, 2015 at 2:09:49 PM|true
Monday, May 4, 2015 at 2:44:40 PM|false
Monday, May 4, 2015 at 2:47:51 PM|true
Monday, May 4, 2015 at 4:06:42 PM|false
Monday, May 4, 2015 at 5:10:59 PM|false
Monday, May 4, 2015 at 5:19:35 PM|false
Tuesday, May 5, 2015 at 8:54:49 AM|false
Tuesday, May 5, 2015 at 9:47:46 AM|true
Tuesday, May 5, 2015 at 10:01:00 AM|false
Tuesday, May 5, 2015 at 10:18:26 AM|true
Tuesday, May 5, 2015 at 10:52:15 AM|false
Tuesday, May 5, 2015 at 11:15:31 AM|false
Tuesday, May 5, 2015 at 11:25:18 AM|false
Tuesday, May 5, 2015 at 11:30:03 AM|false
Tuesday, May 5, 2015 at 1:34:36 PM|false
Tuesday, May 5, 2015 at 2:00:37 PM|false
Tuesday, May 5, 2015 at 2:42:23 PM|true
Tuesday, May 5, 2015 at 2:47:08 PM|false
Tuesday, May 5, 2015 at 2:59:23 PM|false
Tuesday, May 5, 2015 at 3:50:43 PM|true
Tuesday, May 5, 2015 at 4:52:17 PM|false
Tuesday, May 5, 2015 at 5:10:34 PM|false
Tuesday, May 5, 2015 at 6:02:32 PM|false
Wednesday, May 6, 2015 at 10:00:26 AM|false
Wednesday, May 6, 2015 at 11:13:36 AM|false
Wednesday, May 6, 2015 at 11:14:54 AM|false
Thursday, May 7, 2015 at 2:20:16 PM|false
Thursday, May 7, 2015 at 3:36:12 PM|false
Thursday, May 7, 2015 at 3:36:34 PM|false
Thursday, May 7, 2015 at 4:02:42 PM|true
Thursday, May 7, 2015 at 4:13:29 PM|false
Thursday, May 7, 2015 at 4:41:39 PM|false
Friday, May 8, 2015 at 9:11:51 AM|false
Friday, May 8, 2015 at 10:00:14 AM|false
Friday, May 8, 2015 at 10:40:55 AM|true
Friday, May 8, 2015 at 10:53:02 AM|false
Friday, May 8, 2015 at 11:32:17 AM|false
Friday, May 8, 2015 at 1:08:24 PM|false
Friday, May 8, 2015 at 1:31:04 PM|false
Friday, May 8, 2015 at 2:37:53 PM|true
Friday, May 8, 2015 at 3:22:02 PM|false
Friday, May 8, 2015 at 4:15:43 PM|false
Friday, May 8, 2015 at 5:16:09 PM|false
Monday, May 11, 2015 at 9:27:49 AM|true
Monday, May 11, 2015 at 9:29:52 AM|false
Monday, May 11, 2015 at 9:29:55 AM|true
Monday, May 11, 2015 at 9:59:50 AM|false
Monday, May 11, 2015 at 9:59:54 AM|false
Monday, May 11, 2015 at 11:31:49 AM|false
Monday, May 11, 2015 at 1:26:10 PM|true
Monday, May 11, 2015 at 1:28:59 PM|false
Monday, May 11, 2015 at 1:36:23 PM|true
Monday, May 11, 2015 at 2:21:20 PM|false
Monday, May 11, 2015 at 2:22:14 PM|false
Monday, May 11, 2015 at 2:37:11 PM|true
Monday, May 11, 2015 at 2:42:39 PM|false
Monday, May 11, 2015 at 3:00:23 PM|true
Monday, May 11, 2015 at 3:09:01 PM|false
Monday, May 11, 2015 at 4:07:08 PM|false
Tuesday, May 12, 2015 at 10:00:39 AM|false
Tuesday, May 12, 2015 at 10:22:13 AM|true
Tuesday, May 12, 2015 at 10:35:49 AM|false
Tuesday, May 12, 2015 at 11:42:03 AM|true
Tuesday, May 12, 2015 at 12:24:57 PM|false
Tuesday, May 12, 2015 at 12:25:01 PM|false
Tuesday, May 12, 2015 at 1:03:33 PM|true
Tuesday, May 12, 2015 at 1:13:32 PM|false
Tuesday, May 12, 2015 at 1:48:52 PM|true
Tuesday, May 12, 2015 at 2:28:57 PM|false
Tuesday, May 12, 2015 at 2:34:06 PM|true
Tuesday, May 12, 2015 at 3:37:09 PM|false
Tuesday, May 12, 2015 at 3:40:00 PM|true
Tuesday, May 12, 2015 at 3:58:36 PM|false
Wednesday, May 13, 2015 at 10:00:13 AM|false
Wednesday, May 13, 2015 at 10:30:52 AM|false
Wednesday, May 13, 2015 at 10:31:08 AM|false
Wednesday, May 13, 2015 at 10:58:24 AM|false
Wednesday, May 13, 2015 at 2:47:06 PM|true
Wednesday, May 13, 2015 at 3:03:45 PM|false
Wednesday, May 13, 2015 at 3:59:43 PM|true
Wednesday, May 13, 2015 at 4:32:14 PM|false
Wednesday, May 13, 2015 at 4:54:18 PM|false
Wednesday, May 13, 2015 at 4:57:53 PM|true
Wednesday, May 13, 2015 at 5:05:27 PM|false
Wednesday, May 13, 2015 at 5:06:58 PM|false
Thursday, May 14, 2015 at 10:28:04 AM|true
Thursday, May 14, 2015 at 10:33:09 AM|false
Saturday, May 16, 2015 at 10:14:59 AM|true
Saturday, May 16, 2015 at 10:15:02 AM|false
Monday, May 18, 2015 at 10:02:12 AM|false
Monday, May 18, 2015 at 12:18:20 PM|false
Monday, May 18, 2015 at 1:52:44 PM|true
Monday, May 18, 2015 at 2:01:49 PM|false
Monday, May 18, 2015 at 2:55:05 PM|false
Monday, May 18, 2015 at 3:06:50 PM|true
Monday, May 18, 2015 at 3:21:38 PM|false
Monday, May 18, 2015 at 3:23:05 PM|true
Monday, May 18, 2015 at 3:26:41 PM|false
Monday, May 18, 2015 at 4:05:00 PM|false
Monday, May 18, 2015 at 4:13:17 PM|false
Monday, May 18, 2015 at 5:17:42 PM|true
Monday, May 18, 2015 at 5:22:43 PM|false
Monday, May 18, 2015 at 5:42:23 PM|true
Monday, May 18, 2015 at 5:56:27 PM|false
Monday, May 18, 2015 at 6:05:00 PM|true
Monday, May 18, 2015 at 6:25:06 PM|false
Monday, May 18, 2015 at 6:54:10 PM|true
Monday, May 18, 2015 at 7:19:59 PM|false
Monday, May 18, 2015 at 9:27:14 PM|false
Monday, May 18, 2015 at 9:59:34 PM|false
Tuesday, May 19, 2015 at 10:00:27 AM|false
Tuesday, May 19, 2015 at 12:37:16 PM|false
Tuesday, May 19, 2015 at 1:42:08 PM|true
Tuesday, May 19, 2015 at 1:42:09 PM|false
Tuesday, May 19, 2015 at 1:42:12 PM|false
Tuesday, May 19, 2015 at 2:22:50 PM|true
Tuesday, May 19, 2015 at 3:23:07 PM|false
Tuesday, May 19, 2015 at 3:52:54 PM|true
Tuesday, May 19, 2015 at 4:18:31 PM|false
Tuesday, May 19, 2015 at 4:25:33 PM|true
Tuesday, May 19, 2015 at 4:31:52 PM|false
Tuesday, May 19, 2015 at 4:38:58 PM|true
Tuesday, May 19, 2015 at 4:51:46 PM|false
Tuesday, May 19, 2015 at 4:56:47 PM|false
Tuesday, May 19, 2015 at 5:23:08 PM|false
Wednesday, May 20, 2015 at 7:57:39 AM|false
Wednesday, May 20, 2015 at 9:11:42 AM|false
Wednesday, May 20, 2015 at 10:00:16 AM|false
Wednesday, May 20, 2015 at 10:27:12 AM|false
Wednesday, May 20, 2015 at 11:22:25 AM|false
Wednesday, May 20, 2015 at 1:10:08 PM|false
Wednesday, May 20, 2015 at 1:15:40 PM|true
Wednesday, May 20, 2015 at 2:42:48 PM|false
Wednesday, May 20, 2015 at 2:53:12 PM|true
Wednesday, May 20, 2015 at 2:56:18 PM|false
Wednesday, May 20, 2015 at 2:56:32 PM|true
Wednesday, May 20, 2015 at 3:02:50 PM|false
Wednesday, May 20, 2015 at 3:05:07 PM|true
Wednesday, May 20, 2015 at 5:06:42 PM|false
Thursday, May 21, 2015 at 9:11:19 AM|false
Thursday, May 21, 2015 at 9:59:02 AM|false
Thursday, May 21, 2015 at 10:47:24 AM|true
Thursday, May 21, 2015 at 11:10:27 AM|false
Thursday, May 21, 2015 at 11:11:32 AM|true
Thursday, May 21, 2015 at 11:16:04 AM|false
Thursday, May 21, 2015 at 11:26:29 AM|true
Thursday, May 21, 2015 at 11:59:33 AM|false
Thursday, May 21, 2015 at 12:53:55 PM|true
Thursday, May 21, 2015 at 1:33:14 PM|false
Thursday, May 21, 2015 at 1:35:12 PM|true
Thursday, May 21, 2015 at 1:39:16 PM|false
Thursday, May 21, 2015 at 2:13:22 PM|true
Thursday, May 21, 2015 at 2:36:01 PM|false
Thursday, May 21, 2015 at 3:37:06 PM|false
Thursday, May 21, 2015 at 4:38:09 PM|true
Thursday, May 21, 2015 at 5:04:51 PM|false
Thursday, May 21, 2015 at 5:07:11 PM|true
Thursday, May 21, 2015 at 5:16:32 PM|false
Thursday, May 21, 2015 at 5:18:48 PM|true
Thursday, May 21, 2015 at 5:35:01 PM|false
Thursday, May 21, 2015 at 5:39:47 PM|false
Thursday, May 21, 2015 at 5:41:53 PM|true
Thursday, May 21, 2015 at 5:44:41 PM|false
Thursday, May 21, 2015 at 5:44:43 PM|false
Thursday, May 21, 2015 at 6:03:02 PM|true
Thursday, May 21, 2015 at 7:45:15 PM|false
Thursday, May 21, 2015 at 8:55:35 PM|false
Friday, May 22, 2015 at 9:23:59 AM|true
Friday, May 22, 2015 at 9:30:58 AM|false
Friday, May 22, 2015 at 9:41:58 AM|true
Friday, May 22, 2015 at 10:00:53 AM|false
Friday, May 22, 2015 at 10:00:53 AM|false
Friday, May 22, 2015 at 10:59:23 AM|true
Friday, May 22, 2015 at 11:33:27 AM|false
Friday, May 22, 2015 at 11:50:11 AM|false
Friday, May 22, 2015 at 12:04:33 PM|true
Friday, May 22, 2015 at 12:10:30 PM|false
Friday, May 22, 2015 at 12:37:03 PM|true
Friday, May 22, 2015 at 12:37:53 PM|false
Friday, May 22, 2015 at 12:40:17 PM|true
Friday, May 22, 2015 at 1:27:35 PM|false
Friday, May 22, 2015 at 1:37:57 PM|true
Friday, May 22, 2015 at 1:51:55 PM|false
Friday, May 22, 2015 at 2:14:09 PM|false
Friday, May 22, 2015 at 3:03:45 PM|false
Friday, May 22, 2015 at 3:03:46 PM|false
Friday, May 22, 2015 at 3:03:47 PM|false
Friday, May 22, 2015 at 3:03:48 PM|false
Friday, May 22, 2015 at 3:03:48 PM|false
Friday, May 22, 2015 at 3:05:34 PM|true
Friday, May 22, 2015 at 3:05:35 PM|false
Friday, May 22, 2015 at 3:05:35 PM|true
Friday, May 22, 2015 at 3:05:36 PM|false
Friday, May 22, 2015 at 3:05:37 PM|true
Friday, May 22, 2015 at 3:09:23 PM|false
Friday, May 22, 2015 at 3:10:20 PM|true
Friday, May 22, 2015 at 3:42:49 PM|false
Friday, May 22, 2015 at 3:43:44 PM|false
Friday, May 22, 2015 at 3:48:23 PM|false
Friday, May 22, 2015 at 3:51:17 PM|true
Friday, May 22, 2015 at 4:20:06 PM|false
Friday, May 22, 2015 at 5:42:33 PM|false
Friday, May 22, 2015 at 7:08:21 PM|false
Tuesday, May 26, 2015 at 9:08:11 AM|true
Tuesday, May 26, 2015 at 9:08:30 AM|false
Tuesday, May 26, 2015 at 10:12:15 AM|true
Tuesday, May 26, 2015 at 10:47:07 AM|false
Tuesday, May 26, 2015 at 10:54:37 AM|true
Tuesday, May 26, 2015 at 11:17:30 AM|false
Tuesday, May 26, 2015 at 11:35:26 AM|false
Tuesday, May 26, 2015 at 12:04:20 PM|false
Tuesday, May 26, 2015 at 2:41:23 PM|false
Tuesday, May 26, 2015 at 4:26:56 PM|true
Tuesday, May 26, 2015 at 4:37:10 PM|false
Tuesday, May 26, 2015 at 5:28:39 PM|false
Wednesday, May 27, 2015 at 8:45:53 AM|false
Wednesday, May 27, 2015 at 10:00:22 AM|false
Wednesday, May 27, 2015 at 10:32:34 AM|true
Wednesday, May 27, 2015 at 10:43:58 AM|false
Wednesday, May 27, 2015 at 10:44:08 AM|false
Wednesday, May 27, 2015 at 11:16:35 AM|false
Wednesday, May 27, 2015 at 12:20:07 PM|false
Wednesday, May 27, 2015 at 12:21:01 PM|false
Wednesday, May 27, 2015 at 1:53:32 PM|false
Thursday, May 28, 2015 at 9:17:31 AM|false
Thursday, May 28, 2015 at 10:00:56 AM|false
Thursday, May 28, 2015 at 10:37:56 AM|true
Thursday, May 28, 2015 at 11:03:22 AM|false
Thursday, May 28, 2015 at 11:11:16 AM|false
Thursday, May 28, 2015 at 1:27:43 PM|true
Thursday, May 28, 2015 at 2:00:14 PM|false
Thursday, May 28, 2015 at 2:46:44 PM|true
Thursday, May 28, 2015 at 3:06:03 PM|false
Thursday, May 28, 2015 at 3:08:01 PM|true
Thursday, May 28, 2015 at 3:21:49 PM|false
Thursday, May 28, 2015 at 3:32:46 PM|true
Thursday, May 28, 2015 at 4:00:57 PM|false
Thursday, May 28, 2015 at 4:48:53 PM|true
Thursday, May 28, 2015 at 4:57:43 PM|false
Thursday, May 28, 2015 at 6:37:28 PM|false
Thursday, May 28, 2015 at 6:37:40 PM|false
Friday, May 29, 2015 at 8:47:22 AM|false
Friday, May 29, 2015 at 8:47:29 AM|true
Friday, May 29, 2015 at 8:55:18 AM|false
Friday, May 29, 2015 at 9:34:40 AM|false
Friday, May 29, 2015 at 9:59:16 AM|false
Friday, May 29, 2015 at 10:31:28 AM|false
Friday, May 29, 2015 at 1:12:40 PM|false
Friday, May 29, 2015 at 1:22:06 PM|true
Friday, May 29, 2015 at 1:29:45 PM|false
Friday, May 29, 2015 at 1:44:52 PM|true
Friday, May 29, 2015 at 2:13:15 PM|false
Friday, May 29, 2015 at 2:24:53 PM|true
Friday, May 29, 2015 at 2:46:18 PM|false
Friday, May 29, 2015 at 3:00:50 PM|false
Friday, May 29, 2015 at 6:00:56 PM|false
Saturday, May 30, 2015 at 7:46:08 PM|true
Saturday, May 30, 2015 at 7:46:09 PM|false
Monday, June 1, 2015 at 10:00:59 AM|false
Monday, June 1, 2015 at 11:19:43 AM|false
Monday, June 1, 2015 at 11:23:40 AM|true
Monday, June 1, 2015 at 12:03:32 PM|false
Monday, June 1, 2015 at 12:03:44 PM|false
Monday, June 1, 2015 at 1:17:56 PM|true
Monday, June 1, 2015 at 1:52:23 PM|false
Monday, June 1, 2015 at 2:10:03 PM|false
Monday, June 1, 2015 at 2:55:31 PM|true
Monday, June 1, 2015 at 3:23:59 PM|false
Monday, June 1, 2015 at 3:25:23 PM|false
Monday, June 1, 2015 at 5:32:03 PM|false
Monday, June 1, 2015 at 5:34:33 PM|true
Monday, June 1, 2015 at 5:50:38 PM|false
Monday, June 1, 2015 at 5:55:15 PM|true
Monday, June 1, 2015 at 6:10:42 PM|false
Monday, June 1, 2015 at 7:06:52 PM|true
Monday, June 1, 2015 at 7:34:25 PM|false
Monday, June 1, 2015 at 10:49:37 PM|false
Tuesday, June 2, 2015 at 9:04:32 AM|false
Tuesday, June 2, 2015 at 9:59:49 AM|false
Tuesday, June 2, 2015 at 11:10:47 AM|true
Tuesday, June 2, 2015 at 11:14:10 AM|false
Tuesday, June 2, 2015 at 11:59:13 AM|false
Tuesday, June 2, 2015 at 1:11:33 PM|true
Tuesday, June 2, 2015 at 1:11:42 PM|true
Tuesday, June 2, 2015 at 1:11:44 PM|true
Tuesday, June 2, 2015 at 1:11:48 PM|false
Tuesday, June 2, 2015 at 1:11:49 PM|true
Tuesday, June 2, 2015 at 1:28:38 PM|false
Tuesday, June 2, 2015 at 1:35:28 PM|true
Tuesday, June 2, 2015 at 1:49:54 PM|false
Tuesday, June 2, 2015 at 2:12:20 PM|true
Tuesday, June 2, 2015 at 3:07:35 PM|false
Tuesday, June 2, 2015 at 3:08:35 PM|false
Tuesday, June 2, 2015 at 3:16:42 PM|true
Tuesday, June 2, 2015 at 3:20:56 PM|false
Tuesday, June 2, 2015 at 4:28:59 PM|false
Tuesday, June 2, 2015 at 6:08:15 PM|false
Tuesday, June 2, 2015 at 6:18:23 PM|true
Tuesday, June 2, 2015 at 6:34:40 PM|false
Tuesday, June 2, 2015 at 6:37:17 PM|false
Wednesday, June 3, 2015 at 9:03:58 AM|false
Wednesday, June 3, 2015 at 9:41:24 AM|true
Wednesday, June 3, 2015 at 10:01:08 AM|false
Wednesday, June 3, 2015 at 10:01:09 AM|false
Wednesday, June 3, 2015 at 10:22:09 AM|false
Wednesday, June 3, 2015 at 10:31:00 AM|true
Wednesday, June 3, 2015 at 10:31:24 AM|false
Wednesday, June 3, 2015 at 10:31:25 AM|false
Wednesday, June 3, 2015 at 10:31:29 AM|true
Wednesday, June 3, 2015 at 11:32:56 AM|false
Wednesday, June 3, 2015 at 12:15:12 PM|true
Wednesday, June 3, 2015 at 12:15:13 PM|false
Wednesday, June 3, 2015 at 12:15:14 PM|false
Wednesday, June 3, 2015 at 2:01:12 PM|false
Wednesday, June 3, 2015 at 2:05:00 PM|true
Wednesday, June 3, 2015 at 2:30:40 PM|false
Wednesday, June 3, 2015 at 3:05:30 PM|true
Wednesday, June 3, 2015 at 3:54:40 PM|false
Wednesday, June 3, 2015 at 3:54:41 PM|false
Wednesday, June 3, 2015 at 4:10:42 PM|true
Wednesday, June 3, 2015 at 5:08:06 PM|false
Wednesday, June 3, 2015 at 5:29:48 PM|false
Thursday, June 4, 2015 at 8:13:51 AM|true
Thursday, June 4, 2015 at 8:37:18 AM|false
Thursday, June 4, 2015 at 9:09:28 AM|false
Thursday, June 4, 2015 at 9:44:25 AM|true
Thursday, June 4, 2015 at 9:55:45 AM|false
Thursday, June 4, 2015 at 10:01:30 AM|false
Thursday, June 4, 2015 at 10:42:06 AM|true
Thursday, June 4, 2015 at 11:35:15 AM|false
Thursday, June 4, 2015 at 11:52:53 AM|false
Thursday, June 4, 2015 at 1:09:10 PM|false
Thursday, June 4, 2015 at 1:25:40 PM|true
Thursday, June 4, 2015 at 1:25:41 PM|false
Thursday, June 4, 2015 at 2:48:51 PM|false
Thursday, June 4, 2015 at 3:20:11 PM|false
Thursday, June 4, 2015 at 3:34:27 PM|true
Thursday, June 4, 2015 at 3:47:20 PM|false
Thursday, June 4, 2015 at 5:11:59 PM|true
Thursday, June 4, 2015 at 5:26:21 PM|false
Thursday, June 4, 2015 at 5:58:25 PM|false
Sunday, June 7, 2015 at 12:52:44 PM|true
Sunday, June 7, 2015 at 12:54:06 PM|false
Monday, June 8, 2015 at 9:57:23 AM|true
Monday, June 8, 2015 at 10:00:16 AM|false
Monday, June 8, 2015 at 10:00:18 AM|false
Monday, June 8, 2015 at 10:52:39 AM|true
Monday, June 8, 2015 at 10:54:54 AM|false
Monday, June 8, 2015 at 10:55:44 AM|false
Monday, June 8, 2015 at 10:57:16 AM|false
Monday, June 8, 2015 at 11:14:47 AM|true
Monday, June 8, 2015 at 11:22:05 AM|false
Monday, June 8, 2015 at 11:54:46 AM|false
Monday, June 8, 2015 at 12:56:19 PM|true
Monday, June 8, 2015 at 1:16:27 PM|false
Monday, June 8, 2015 at 1:19:36 PM|true
Monday, June 8, 2015 at 1:25:26 PM|false
Monday, June 8, 2015 at 1:57:12 PM|false
Tuesday, June 9, 2015 at 9:51:11 AM|false
Tuesday, June 9, 2015 at 11:32:36 AM|true
Tuesday, June 9, 2015 at 11:46:01 AM|false
Tuesday, June 9, 2015 at 11:55:17 AM|false
Tuesday, June 9, 2015 at 1:19:15 PM|true
Tuesday, June 9, 2015 at 1:34:28 PM|false
Tuesday, June 9, 2015 at 1:37:42 PM|false
Tuesday, June 9, 2015 at 1:50:34 PM|true
Tuesday, June 9, 2015 at 1:54:41 PM|false
Tuesday, June 9, 2015 at 2:11:09 PM|false
Tuesday, June 9, 2015 at 2:14:13 PM|true
Tuesday, June 9, 2015 at 3:07:15 PM|false
Tuesday, June 9, 2015 at 3:33:01 PM|false
Tuesday, June 9, 2015 at 3:34:42 PM|true
Tuesday, June 9, 2015 at 3:50:26 PM|false
Tuesday, June 9, 2015 at 4:27:08 PM|true
Tuesday, June 9, 2015 at 4:34:12 PM|false
Tuesday, June 9, 2015 at 5:52:35 PM|false
Tuesday, June 9, 2015 at 6:34:15 PM|false
Wednesday, June 10, 2015 at 9:07:07 AM|true
Wednesday, June 10, 2015 at 9:53:54 AM|false
Wednesday, June 10, 2015 at 10:58:57 AM|true
Wednesday, June 10, 2015 at 11:18:18 AM|false
Wednesday, June 10, 2015 at 11:23:42 AM|true
Wednesday, June 10, 2015 at 11:40:58 AM|false
Wednesday, June 10, 2015 at 12:11:04 PM|false
Wednesday, June 10, 2015 at 12:13:05 PM|false
Wednesday, June 10, 2015 at 12:57:41 PM|true
Wednesday, June 10, 2015 at 1:25:50 PM|false
Wednesday, June 10, 2015 at 2:29:37 PM|true
Wednesday, June 10, 2015 at 2:55:11 PM|false
Wednesday, June 10, 2015 at 3:04:51 PM|true
Wednesday, June 10, 2015 at 3:33:47 PM|false
Wednesday, June 10, 2015 at 3:43:50 PM|true
Wednesday, June 10, 2015 at 3:57:55 PM|false
Wednesday, June 10, 2015 at 4:00:03 PM|true
Wednesday, June 10, 2015 at 4:09:33 PM|false
Wednesday, June 10, 2015 at 5:05:31 PM|false
Thursday, June 11, 2015 at 9:38:36 AM|false
Thursday, June 11, 2015 at 9:46:54 AM|true
Thursday, June 11, 2015 at 10:00:38 AM|false
Thursday, June 11, 2015 at 10:11:52 AM|false
Thursday, June 11, 2015 at 10:43:28 AM|true
Thursday, June 11, 2015 at 11:11:44 AM|false
Thursday, June 11, 2015 at 11:32:28 AM|false
Thursday, June 11, 2015 at 12:35:42 PM|true
Thursday, June 11, 2015 at 12:44:13 PM|false
Thursday, June 11, 2015 at 12:57:31 PM|true
Thursday, June 11, 2015 at 2:03:54 PM|false
Thursday, June 11, 2015 at 2:04:39 PM|false
Thursday, June 11, 2015 at 2:30:42 PM|true
Thursday, June 11, 2015 at 3:06:01 PM|false
Thursday, June 11, 2015 at 4:13:37 PM|false
Thursday, June 11, 2015 at 5:21:13 PM|false
Thursday, June 11, 2015 at 6:29:27 PM|false
Friday, June 12, 2015 at 12:00:22 PM|false
Friday, June 12, 2015 at 1:18:34 PM|true
Friday, June 12, 2015 at 1:39:22 PM|false
Friday, June 12, 2015 at 2:47:45 PM|true
Friday, June 12, 2015 at 3:07:16 PM|false
Friday, June 12, 2015 at 3:11:44 PM|true
Friday, June 12, 2015 at 3:23:13 PM|false
Friday, June 12, 2015 at 3:42:23 PM|false
Friday, June 12, 2015 at 3:44:27 PM|true
Friday, June 12, 2015 at 3:53:38 PM|false
Friday, June 12, 2015 at 5:52:03 PM|false
Monday, June 15, 2015 at 9:10:12 AM|false
Monday, June 15, 2015 at 9:58:50 AM|false
Monday, June 15, 2015 at 12:05:40 PM|false
Monday, June 15, 2015 at 12:45:02 PM|false
Monday, June 15, 2015 at 1:32:39 PM|true
Monday, June 15, 2015 at 1:59:56 PM|false
Monday, June 15, 2015 at 2:03:37 PM|false
Monday, June 15, 2015 at 2:28:28 PM|true
Monday, June 15, 2015 at 2:33:15 PM|false
Monday, June 15, 2015 at 2:37:35 PM|true
Monday, June 15, 2015 at 3:08:18 PM|false
Monday, June 15, 2015 at 3:10:59 PM|true
Monday, June 15, 2015 at 3:58:36 PM|false
Monday, June 15, 2015 at 4:36:15 PM|false
Monday, June 15, 2015 at 5:38:33 PM|true
Monday, June 15, 2015 at 6:01:36 PM|false
Monday, June 15, 2015 at 6:32:33 PM|true
Monday, June 15, 2015 at 6:38:57 PM|false
Monday, June 15, 2015 at 7:24:55 PM|false
Tuesday, June 16, 2015 at 9:28:12 AM|false
Tuesday, June 16, 2015 at 9:34:18 AM|true
Tuesday, June 16, 2015 at 10:00:52 AM|false
Tuesday, June 16, 2015 at 10:38:13 AM|false
Tuesday, June 16, 2015 at 11:00:05 AM|true
Tuesday, June 16, 2015 at 11:41:47 AM|false
Tuesday, June 16, 2015 at 12:41:47 PM|true
Tuesday, June 16, 2015 at 12:47:01 PM|false
Tuesday, June 16, 2015 at 12:55:57 PM|true
Tuesday, June 16, 2015 at 1:03:01 PM|false
Tuesday, June 16, 2015 at 1:03:01 PM|false
Tuesday, June 16, 2015 at 1:10:28 PM|true
Tuesday, June 16, 2015 at 2:32:30 PM|false
Tuesday, June 16, 2015 at 3:08:59 PM|false
Tuesday, June 16, 2015 at 3:23:37 PM|true
Tuesday, June 16, 2015 at 3:57:27 PM|false
Tuesday, June 16, 2015 at 3:57:46 PM|false
Tuesday, June 16, 2015 at 5:52:30 PM|false
Wednesday, June 17, 2015 at 9:02:20 AM|false
Wednesday, June 17, 2015 at 9:19:03 AM|true
Wednesday, June 17, 2015 at 9:23:53 AM|false
Wednesday, June 17, 2015 at 9:31:12 AM|true
Wednesday, June 17, 2015 at 10:00:11 AM|false
Wednesday, June 17, 2015 at 10:00:18 AM|false
Wednesday, June 17, 2015 at 10:40:40 AM|false
Wednesday, June 17, 2015 at 10:42:41 AM|true
Wednesday, June 17, 2015 at 10:42:41 AM|false
Wednesday, June 17, 2015 at 12:07:55 PM|false
Wednesday, June 17, 2015 at 2:38:47 PM|false
Wednesday, June 17, 2015 at 4:21:07 PM|false
Wednesday, June 17, 2015 at 5:15:47 PM|false
Thursday, June 18, 2015 at 9:13:42 AM|false
Thursday, June 18, 2015 at 10:00:57 AM|false
Thursday, June 18, 2015 at 10:19:15 AM|true
Thursday, June 18, 2015 at 10:49:25 AM|false
Thursday, June 18, 2015 at 11:54:59 AM|false
Thursday, June 18, 2015 at 12:28:11 PM|false
Thursday, June 18, 2015 at 1:39:50 PM|true
Thursday, June 18, 2015 at 2:46:13 PM|false
Thursday, June 18, 2015 at 4:20:56 PM|false
Thursday, June 18, 2015 at 4:36:24 PM|true
Thursday, June 18, 2015 at 5:48:00 PM|false
Thursday, June 18, 2015 at 5:53:19 PM|false
Thursday, June 18, 2015 at 7:24:27 PM|false
Friday, June 19, 2015 at 9:24:58 AM|false
Friday, June 19, 2015 at 10:01:00 AM|false
Friday, June 19, 2015 at 12:03:07 PM|false
Friday, June 19, 2015 at 1:18:53 PM|true
Friday, June 19, 2015 at 1:29:11 PM|false
Friday, June 19, 2015 at 1:45:04 PM|false
Friday, June 19, 2015 at 2:32:56 PM|false
Friday, June 19, 2015 at 3:47:14 PM|true
Friday, June 19, 2015 at 4:01:33 PM|false
Friday, June 19, 2015 at 4:02:19 PM|true
Friday, June 19, 2015 at 4:06:31 PM|false
Friday, June 19, 2015 at 4:07:52 PM|true
Friday, June 19, 2015 at 4:19:43 PM|false
Friday, June 19, 2015 at 4:24:20 PM|false
Friday, June 19, 2015 at 5:43:00 PM|false
Friday, June 19, 2015 at 5:45:27 PM|false
Monday, June 22, 2015 at 8:23:48 AM|false
Monday, June 22, 2015 at 8:24:46 AM|false
Monday, June 22, 2015 at 8:57:18 AM|false
Monday, June 22, 2015 at 10:47:39 AM|true
Monday, June 22, 2015 at 11:20:04 AM|false
Monday, June 22, 2015 at 11:25:14 AM|true
Monday, June 22, 2015 at 11:37:00 AM|false
Monday, June 22, 2015 at 12:00:35 PM|false
Monday, June 22, 2015 at 12:58:07 PM|true
Monday, June 22, 2015 at 2:25:13 PM|false
Monday, June 22, 2015 at 2:37:08 PM|true
Monday, June 22, 2015 at 2:49:15 PM|false
Monday, June 22, 2015 at 3:31:30 PM|true
Monday, June 22, 2015 at 3:56:31 PM|false
Monday, June 22, 2015 at 5:33:38 PM|false
Tuesday, June 23, 2015 at 7:17:36 AM|false
Tuesday, June 23, 2015 at 7:27:06 AM|false
Tuesday, June 23, 2015 at 9:34:26 AM|true
Tuesday, June 23, 2015 at 9:51:33 AM|false
Tuesday, June 23, 2015 at 9:56:58 AM|true
Tuesday, June 23, 2015 at 10:00:57 AM|false
Tuesday, June 23, 2015 at 10:28:51 AM|true
Tuesday, June 23, 2015 at 11:05:22 AM|false
Tuesday, June 23, 2015 at 11:09:35 AM|true
Tuesday, June 23, 2015 at 11:55:52 AM|false
Tuesday, June 23, 2015 at 1:39:17 PM|true
Tuesday, June 23, 2015 at 2:09:13 PM|false
Tuesday, June 23, 2015 at 2:13:02 PM|false
Tuesday, June 23, 2015 at 3:51:52 PM|true
Tuesday, June 23, 2015 at 4:47:02 PM|false
Tuesday, June 23, 2015 at 4:58:22 PM|false
Wednesday, June 24, 2015 at 8:36:31 AM|false
Wednesday, June 24, 2015 at 9:14:27 AM|false
Wednesday, June 24, 2015 at 9:17:28 AM|true
Wednesday, June 24, 2015 at 9:24:03 AM|false
Wednesday, June 24, 2015 at 10:00:35 AM|false
Wednesday, June 24, 2015 at 10:23:50 AM|true
Wednesday, June 24, 2015 at 10:54:24 AM|false
Wednesday, June 24, 2015 at 11:56:08 AM|true
Wednesday, June 24, 2015 at 12:01:11 PM|false
Wednesday, June 24, 2015 at 12:41:31 PM|false
Wednesday, June 24, 2015 at 1:12:42 PM|true
Wednesday, June 24, 2015 at 1:46:01 PM|false
Wednesday, June 24, 2015 at 2:10:51 PM|false
Wednesday, June 24, 2015 at 3:31:49 PM|false
Wednesday, June 24, 2015 at 4:12:30 PM|false
Wednesday, June 24, 2015 at 4:15:25 PM|true
Wednesday, June 24, 2015 at 4:51:28 PM|false
Wednesday, June 24, 2015 at 4:58:49 PM|true
Wednesday, June 24, 2015 at 5:11:25 PM|false
Wednesday, June 24, 2015 at 5:50:48 PM|false
Thursday, June 25, 2015 at 8:41:17 AM|true
Thursday, June 25, 2015 at 8:53:53 AM|false
Thursday, June 25, 2015 at 9:58:26 AM|false
Thursday, June 25, 2015 at 10:22:55 AM|false
Thursday, June 25, 2015 at 10:38:19 AM|true
Thursday, June 25, 2015 at 10:40:01 AM|false
Thursday, June 25, 2015 at 10:40:03 AM|true
Thursday, June 25, 2015 at 10:40:07 AM|true
Thursday, June 25, 2015 at 10:40:08 AM|true
Thursday, June 25, 2015 at 10:40:11 AM|true
Thursday, June 25, 2015 at 10:40:19 AM|false
Thursday, June 25, 2015 at 10:40:20 AM|true
Thursday, June 25, 2015 at 11:37:26 AM|false
Thursday, June 25, 2015 at 12:36:01 PM|false
Thursday, June 25, 2015 at 1:11:38 PM|true
Thursday, June 25, 2015 at 1:45:52 PM|false
Thursday, June 25, 2015 at 3:00:37 PM|false
Thursday, June 25, 2015 at 3:48:27 PM|true
Thursday, June 25, 2015 at 4:12:18 PM|false
Thursday, June 25, 2015 at 4:24:43 PM|true
Thursday, June 25, 2015 at 4:56:30 PM|false
Thursday, June 25, 2015 at 9:53:00 PM|false
Friday, June 26, 2015 at 10:00:48 AM|false
Friday, June 26, 2015 at 11:23:18 AM|true
Friday, June 26, 2015 at 11:42:09 AM|false
Friday, June 26, 2015 at 11:43:28 AM|false
Friday, June 26, 2015 at 1:52:47 PM|false
Friday, June 26, 2015 at 2:25:51 PM|false
Friday, June 26, 2015 at 2:59:01 PM|false
Friday, June 26, 2015 at 3:29:09 PM|false
Friday, June 26, 2015 at 6:08:37 PM|false
Monday, June 29, 2015 at 9:10:13 AM|false
Monday, June 29, 2015 at 10:00:53 AM|false
Monday, June 29, 2015 at 1:05:20 PM|true
Monday, June 29, 2015 at 2:22:56 PM|false
Monday, June 29, 2015 at 2:30:15 PM|true
Monday, June 29, 2015 at 3:20:24 PM|false
Monday, June 29, 2015 at 3:53:02 PM|true
Monday, June 29, 2015 at 3:59:41 PM|false
Monday, June 29, 2015 at 4:02:57 PM|true
Monday, June 29, 2015 at 5:37:34 PM|false
Monday, June 29, 2015 at 6:02:13 PM|false
Monday, June 29, 2015 at 6:04:11 PM|true
Monday, June 29, 2015 at 8:26:55 PM|false
Tuesday, June 30, 2015 at 8:39:05 AM|false
Tuesday, June 30, 2015 at 9:30:06 AM|true
Tuesday, June 30, 2015 at 9:43:50 AM|false
Tuesday, June 30, 2015 at 10:00:53 AM|false
Tuesday, June 30, 2015 at 10:38:28 AM|true
Tuesday, June 30, 2015 at 11:20:27 AM|false
Tuesday, June 30, 2015 at 11:29:14 AM|true
Tuesday, June 30, 2015 at 11:51:33 AM|false
Tuesday, June 30, 2015 at 12:54:54 PM|true
Tuesday, June 30, 2015 at 1:49:50 PM|false
Tuesday, June 30, 2015 at 1:51:11 PM|true
Tuesday, June 30, 2015 at 4:21:11 PM|false
Tuesday, June 30, 2015 at 4:22:06 PM|true
Tuesday, June 30, 2015 at 4:32:59 PM|false
Tuesday, June 30, 2015 at 4:35:13 PM|true
Tuesday, June 30, 2015 at 5:55:59 PM|false
Tuesday, June 30, 2015 at 5:56:00 PM|true
Tuesday, June 30, 2015 at 6:45:50 PM|false
Tuesday, June 30, 2015 at 8:20:26 PM|false
Tuesday, June 30, 2015 at 10:15:25 PM|false
Wednesday, July 1, 2015 at 8:18:36 AM|false
Wednesday, July 1, 2015 at 8:31:48 AM|false
Wednesday, July 1, 2015 at 9:22:08 AM|true
Wednesday, July 1, 2015 at 9:45:14 AM|false
Wednesday, July 1, 2015 at 9:49:07 AM|true
Wednesday, July 1, 2015 at 10:01:55 AM|false
Wednesday, July 1, 2015 at 10:01:56 AM|false
Wednesday, July 1, 2015 at 10:29:34 AM|true
Wednesday, July 1, 2015 at 11:57:06 AM|false
Wednesday, July 1, 2015 at 1:12:31 PM|false
Wednesday, July 1, 2015 at 1:14:48 PM|true
Wednesday, July 1, 2015 at 3:41:52 PM|false
Wednesday, July 1, 2015 at 4:03:47 PM|true
Wednesday, July 1, 2015 at 4:56:49 PM|false
Wednesday, July 1, 2015 at 5:59:38 PM|false
Tuesday, July 7, 2015 at 9:47:58 AM|false
Tuesday, July 7, 2015 at 11:01:17 AM|true
Tuesday, July 7, 2015 at 11:09:29 AM|false
Tuesday, July 7, 2015 at 11:58:07 AM|false
Tuesday, July 7, 2015 at 12:22:30 PM|false
Tuesday, July 7, 2015 at 1:10:36 PM|true
Tuesday, July 7, 2015 at 3:26:19 PM|false
Tuesday, July 7, 2015 at 5:25:08 PM|false
Tuesday, July 7, 2015 at 6:07:29 PM|false
Wednesday, July 8, 2015 at 10:01:05 AM|false
Wednesday, July 8, 2015 at 10:19:10 AM|false
Wednesday, July 8, 2015 at 10:39:48 AM|true
Wednesday, July 8, 2015 at 10:39:53 AM|false
Wednesday, July 8, 2015 at 10:39:54 AM|true
Wednesday, July 8, 2015 at 11:53:04 AM|false
Wednesday, July 8, 2015 at 12:28:11 PM|false
Wednesday, July 8, 2015 at 1:04:03 PM|false
Wednesday, July 8, 2015 at 1:42:01 PM|true
Wednesday, July 8, 2015 at 3:00:43 PM|false
Wednesday, July 8, 2015 at 5:34:41 PM|false
Wednesday, July 8, 2015 at 6:00:17 PM|false
Thursday, July 9, 2015 at 10:01:57 AM|false
Thursday, July 9, 2015 at 11:42:43 AM|false
Thursday, July 9, 2015 at 12:53:11 PM|true
Thursday, July 9, 2015 at 1:56:50 PM|false
Thursday, July 9, 2015 at 2:54:41 PM|false
Thursday, July 9, 2015 at 3:05:23 PM|true
Thursday, July 9, 2015 at 3:48:55 PM|false
Thursday, July 9, 2015 at 3:49:06 PM|false
Thursday, July 9, 2015 at 3:54:55 PM|true
Thursday, July 9, 2015 at 5:24:17 PM|false
Thursday, July 9, 2015 at 5:25:41 PM|true
Thursday, July 9, 2015 at 5:26:41 PM|false
